Arguments: 
  /home/leonardo/.nvm/versions/node/v17.2.0/bin/node /home/leonardo/.nvm/versions/node/v17.2.0/bin/yarn init

PATH: 
  /home/leonardo/Downloads/google-cloud-sdk/bin:/home/leonardo/.nvm/versions/node/v17.2.0/bin:/home/leonardo/anaconda3/bin:/home/leonardo/anaconda3/condabin:/usr/local/sbin:/usr/local/bin:/usr/sbin:/usr/bin:/sbin:/bin:/usr/games:/usr/local/games:/snap/bin:/home/leonardo/Downloads/flutter/bin:/home/leonardo/.pub-cache/bin

Yarn version: 
  1.22.17

Node version: 
  17.2.0

Platform: 
  linux x64

Trace: 
  Error: canceled
      at Interface.<anonymous> (/home/leonardo/.nvm/versions/node/v17.2.0/lib/node_modules/yarn/lib/cli.js:137143:13)
      at Interface.emit (node:events:390:28)
      at Interface.[_ttyWrite] [as _ttyWrite] (node:internal/readline/interface:973:18)
      at ReadStream.onkeypress (node:internal/readline/interface:240:20)
      at ReadStream.emit (node:events:390:28)
      at emitKeys (node:internal/readline/utils:358:14)
      at emitKeys.next (<anonymous>)
      at ReadStream.onData (node:internal/readline/emitKeypressEvents:64:36)
      at ReadStream.emit (node:events:390:28)
      at addChunk (node:internal/streams/readable:324:12)

npm manifest: 
  {
    "name": "01-github-explorer",
    "version": "1.0.0",
    "main": "index.js",
    "license": "MIT",
    "scripts": {
      "dev": "webpack serve",
      "build": "cross-env NODE_ENV=production webpack",
      "test": "jest --watchAll"
    },
    "dependencies": {
      "react": "^17.0.1",
      "react-dom": "^17.0.1",
      "react-icons": "^4.2.0"
    },
    "devDependencies": {
      "@babel/cli": "^7.12.10",
      "@babel/core": "^7.12.10",
      "@babel/preset-env": "^7.12.11",
      "@babel/preset-react": "^7.12.10",
      "@babel/preset-typescript": "^7.12.7",
      "@pmmmwh/react-refresh-webpack-plugin": "^0.4.3",
      "@testing-library/jest-dom": "^5.11.9",
      "@testing-library/react": "^11.2.5",
      "@types/react-dom": "^17.0.0",
      "babel-loader": "^8.2.2",
      "babel-preset-react-app": "^10.0.0",
      "cross-env": "^7.0.3",
      "css-loader": "^5.0.1",
      "html-webpack-plugin": "^4.5.1",
      "identity-obj-proxy": "^3.0.0",
      "jest": "^26.6.3",
      "node-sass": "^6.0.1",
      "react-app-polyfill": "^2.0.0",
      "react-refresh": "^0.9.0",
      "sass-loader": "^10.1.1",
      "style-loader": "^2.0.0",
      "ts-node": "^9.1.1",
      "typescript": "^4.1.3",
      "webpack": "^5.17.0",
      "webpack-cli": "^4.4.0",
      "webpack-dev-server": "^3.11.2"
    }
  }

yarn manifest: 
  No manifest

Lockfile: 
  No lockfile
